[15:43:44] [main/INFO]: Environment: authHost='https://authserver.mojang.com', accountsHost='https://api.mojang.com', sessionHost='https://sessionserver.mojang.com', servicesHost='https://api.minecraftservices.com', name='PROD'
[15:43:46] [main/INFO]: Reloading ResourceManager: Default, bukkit
[15:43:48] [Worker-Main-2/INFO]: Loaded 7 recipes
[15:43:53] [Server thread/INFO]: Starting minecraft server version 1.16.5
[15:43:53] [Server thread/INFO]: Loading properties
[15:43:53] [Server thread/INFO]: Default game type: SURVIVAL
[15:43:53] [Server thread/INFO]: Generating keypair
[15:43:54] [Server thread/INFO]: Starting Minecraft server on *:25565
[15:43:54] [Server thread/INFO]: Using epoll channel type
[15:43:56] [Server thread/INFO]: This server is running CraftBukkit version 2991-Bukkit-f3f3094 (MC: 1.16.5) (Implementing API version 1.16.5-R0.1-SNAPSHOT)
[15:43:58] [Server thread/INFO]: [TreeAssist] Loading TreeAssist v7.1.7
[15:43:58] [Server thread/INFO]: [TreeAssist] Loading main config file: /config.yml
[15:43:59] [Server thread/INFO]: [TreeAssist] Loading tree config file: /trees/nether.yml
[15:43:59] [Server thread/INFO]: [TreeAssist] Loading tree config file: /trees/default.yml
[15:43:59] [Server thread/INFO]: [TreeAssist] Loading tree config file: /trees/mushroom/mushroom-brown.yml
[15:43:59] [Server thread/INFO]: [TreeAssist] Loading tree config file: /trees/mushroom/mushroom-red.yml
[15:43:59] [Server thread/INFO]: [TreeAssist] Loading tree config file: /trees/overworld/tall_spruce.yml
[15:43:59] [Server thread/INFO]: [TreeAssist] Loading tree config file: /trees/overworld/birch.yml
[15:43:59] [Server thread/INFO]: [TreeAssist] Loading tree config file: /trees/overworld/spruce.yml
[15:43:59] [Server thread/INFO]: [TreeAssist] Loading tree config file: /trees/overworld/tall_oak.yml
[15:43:59] [Server thread/INFO]: [TreeAssist] Loading tree config file: /trees/overworld/acacia.yml
[15:43:59] [Server thread/INFO]: [TreeAssist] Loading tree config file: /trees/overworld/jungle.yml
[15:43:59] [Server thread/INFO]: [TreeAssist] Loading tree config file: /trees/overworld/dark_oak.yml
[15:43:59] [Server thread/INFO]: [TreeAssist] Loading tree config file: /trees/overworld/tall_jungle.yml
[15:43:59] [Server thread/INFO]: [TreeAssist] Loading tree config file: /trees/overworld/oak.yml
[15:43:59] [Server thread/INFO]: [TreeAssist] Loading tree config file: /trees/nether/crimson_fungus.yml
[15:43:59] [Server thread/INFO]: [TreeAssist] Loading tree config file: /trees/nether/thick_warped_fungus.yml
[15:43:59] [Server thread/INFO]: [TreeAssist] Loading tree config file: /trees/nether/warped_fungus.yml
[15:43:59] [Server thread/INFO]: [TreeAssist] Loading tree config file: /trees/nether/thick_crimson_fungus.yml
[15:43:59] [Server thread/INFO]: [TreeAssist] Loading tree config file: /trees/mushroom.yml
[15:43:59] [Server thread/WARN]: [TreeAssist] No valid node: Update
[15:43:59] [Server thread/WARN]: **** SERVER IS RUNNING IN OFFLINE/INSECURE MODE!
[15:43:59] [Server thread/WARN]: The server will make no attempt to authenticate usernames. Beware.
[15:43:59] [Server thread/WARN]: While this makes the game possible to play without internet access, it also opens up the ability for hackers to connect with any username they choose.
[15:43:59] [Server thread/WARN]: To change this, set "online-mode" to "true" in the server.properties file.
[15:43:59] [Server thread/INFO]: Preparing level "world"
[15:44:00] [Server thread/INFO]: Preparing start region for dimension minecraft:overworld
[15:44:03] [Server thread/INFO]: Preparing spawn area: 0%
[15:44:03] [Server thread/INFO]: Preparing spawn area: 0%
[15:44:03] [Server thread/INFO]: Preparing spawn area: 0%
[15:44:03] [Server thread/INFO]: Preparing spawn area: 0%
[15:44:03] [Server thread/INFO]: Preparing spawn area: 0%
[15:44:03] [Server thread/INFO]: Preparing spawn area: 0%
[15:44:03] [Server thread/INFO]: Preparing spawn area: 0%
[15:44:03] [Server thread/INFO]: Preparing spawn area: 0%
[15:44:04] [Worker-Main-3/INFO]: Preparing spawn area: 3%
[15:44:04] [Server thread/INFO]: Preparing spawn area: 3%
[15:44:05] [Server thread/INFO]: Preparing spawn area: 49%
[15:44:05] [Server thread/INFO]: Preparing spawn area: 49%
[15:44:06] [Server thread/INFO]: Time elapsed: 6462 ms
[15:44:06] [Server thread/INFO]: Preparing start region for dimension minecraft:the_nether
[15:44:08] [Server thread/INFO]: Preparing spawn area: 0%
[15:44:08] [Server thread/INFO]: Preparing spawn area: 0%
[15:44:08] [Server thread/INFO]: Preparing spawn area: 0%
[15:44:08] [Server thread/INFO]: Preparing spawn area: 0%
[15:44:08] [Server thread/INFO]: Preparing spawn area: 0%
[15:44:09] [Server thread/INFO]: Preparing spawn area: 40%
[15:44:09] [Server thread/INFO]: Preparing spawn area: 83%
[15:44:10] [Worker-Main-3/INFO]: Preparing spawn area: 87%
[15:44:10] [Worker-Main-3/INFO]: Preparing spawn area: 88%
[15:44:11] [Worker-Main-3/INFO]: Preparing spawn area: 93%
[15:44:11] [Worker-Main-3/INFO]: Preparing spawn area: 93%
[15:44:12] [Worker-Main-3/INFO]: Preparing spawn area: 93%
[15:44:12] [Worker-Main-3/INFO]: Preparing spawn area: 93%
[15:44:13] [Worker-Main-3/INFO]: Preparing spawn area: 93%
[15:44:13] [Worker-Main-3/INFO]: Preparing spawn area: 93%
[15:44:14] [Worker-Main-3/INFO]: Preparing spawn area: 94%
[15:44:14] [Worker-Main-3/INFO]: Preparing spawn area: 94%
[15:44:15] [Worker-Main-3/INFO]: Preparing spawn area: 94%
[15:44:15] [Worker-Main-3/INFO]: Preparing spawn area: 94%
[15:44:16] [Worker-Main-3/INFO]: Preparing spawn area: 96%
[15:44:16] [Worker-Main-3/INFO]: Preparing spawn area: 98%
[15:44:17] [Worker-Main-3/INFO]: Preparing spawn area: 99%
[15:44:17] [Server thread/INFO]: Time elapsed: 11230 ms
[15:44:17] [Server thread/INFO]: Preparing start region for dimension minecraft:the_end
[15:44:18] [Server thread/INFO]: Preparing spawn area: 0%
[15:44:18] [Worker-Main-3/INFO]: Preparing spawn area: 0%
[15:44:18] [Worker-Main-3/INFO]: Preparing spawn area: 83%
[15:44:19] [Worker-Main-3/INFO]: Preparing spawn area: 83%
[15:44:19] [Worker-Main-3/INFO]: Preparing spawn area: 83%
[15:44:20] [Worker-Main-3/INFO]: Preparing spawn area: 83%
[15:44:20] [Worker-Main-3/INFO]: Preparing spawn area: 83%
[15:44:21] [Worker-Main-3/INFO]: Preparing spawn area: 83%
[15:44:21] [Worker-Main-3/INFO]: Preparing spawn area: 83%
[15:44:22] [Worker-Main-3/INFO]: Preparing spawn area: 83%
[15:44:22] [Worker-Main-3/INFO]: Preparing spawn area: 83%
[15:44:23] [Worker-Main-3/INFO]: Preparing spawn area: 89%
[15:44:23] [Worker-Main-3/INFO]: Preparing spawn area: 96%
[15:44:24] [Server thread/INFO]: Time elapsed: 6365 ms
[15:44:24] [Server thread/INFO]: [TreeAssist] Enabling TreeAssist v7.1.7
[15:44:24] [Server thread/INFO]: [TreeAssist] sending full Metrics! You can deactivate this in the config.yml
[15:44:24] [Server thread/INFO]: [TreeAssist] debugging: off
[15:44:24] [Server thread/INFO]: [TreeAssist] Checking for updates...
[15:44:24] [Thread-8/INFO]: [TreeAssist] Checking for updates...
[15:44:24] [Server thread/INFO]: Server permissions file permissions.yml is empty, ignoring it
[15:44:24] [Server thread/INFO]: Done (25.040s)! For help, type "help"
